<?xml version="1.0" encoding="UTF-8"?>
<testng-results ignored="0" total="8" passed="8" failed="0" skipped="0">
  <reporter-output>
  </reporter-output>
  <suite started-at="2022-04-10T12:10:19 EET" name="HerokuApp" finished-at="2022-04-10T12:10:41 EET" duration-ms="22626">
    <groups>
      <group name="cucumber">
        <method signature="AbstractTestNGCucumberTests.runScenario(io.cucumber.testng.PickleWrapper,io.cucumber.testng.FeatureWrapper)[pri:0, instance:testRunner.TestRunner@37858383]" name="runScenario" class="io.cucumber.testng.AbstractTestNGCucumberTests"/>
      </group> <!-- cucumber -->
    </groups>
    <test started-at="2022-04-10T12:10:19 EET" name="LoginPage Test" finished-at="2022-04-10T12:10:41 EET" duration-ms="22626">
      <class name="testRunner.TestRunner">
        <test-method is-config="true" signature="initializeDriver(java.lang.String)[pri:0, instance:testRunner.TestRunner@37858383]" started-at="2022-04-10T12:10:19 EET" name="initializeDriver" finished-at="2022-04-10T12:10:27 EET" duration-ms="8718" status="PASS">
          <params>
            <param index="0">
              <value>
                <![CDATA[chrome]]>
              </value>
            </param>
          </params>
          <reporter-output>
          </reporter-output>
        </test-method> <!-- initializeDriver -->
        <test-method is-config="true" signature="setUpClass(org.testng.ITestContext)[pri:0, instance:testRunner.TestRunner@37858383]" started-at="2022-04-10T12:10:27 EET" name="setUpClass" finished-at="2022-04-10T12:10:28 EET" duration-ms="1082" status="PASS">
          <params>
            <param index="0">
              <value>
                <![CDATA[org.testng.TestRunner@e162a35]]>
              </value>
            </param>
          </params>
          <reporter-output>
          </reporter-output>
        </test-method> <!-- setUpClass -->
        <test-method signature="runScenario(io.cucumber.testng.PickleWrapper,io.cucumber.testng.FeatureWrapper)[pri:0, instance:testRunner.TestRunner@37858383]" started-at="2022-04-10T12:10:28 EET" name="runScenario" description="Runs Cucumber Scenarios" data-provider="scenarios" finished-at="2022-04-10T12:10:32 EET" duration-ms="3386" status="PASS">
          <params>
            <param index="0">
              <value>
                <![CDATA["GC01|| Check text of elements that are displayed in login Page"]]>
              </value>
            </param>
            <param index="1">
              <value>
                <![CDATA["Optional[Login Page]"]]>
              </value>
            </param>
          </params>
          <reporter-output>
          </reporter-output>
        </test-method> <!-- runScenario -->
        <test-method signature="runScenario(io.cucumber.testng.PickleWrapper,io.cucumber.testng.FeatureWrapper)[pri:0, instance:testRunner.TestRunner@37858383]" started-at="2022-04-10T12:10:32 EET" name="runScenario" description="Runs Cucumber Scenarios" data-provider="scenarios" finished-at="2022-04-10T12:10:33 EET" duration-ms="1362" status="PASS">
          <params>
            <param index="0">
              <value>
                <![CDATA["GC02|| Check that user will be redirected to Secure Area when he enters valid credentials"]]>
              </value>
            </param>
            <param index="1">
              <value>
                <![CDATA["Optional[Login Page]"]]>
              </value>
            </param>
          </params>
          <reporter-output>
          </reporter-output>
        </test-method> <!-- runScenario -->
        <test-method signature="runScenario(io.cucumber.testng.PickleWrapper,io.cucumber.testng.FeatureWrapper)[pri:0, instance:testRunner.TestRunner@37858383]" started-at="2022-04-10T12:10:33 EET" name="runScenario" description="Runs Cucumber Scenarios" data-provider="scenarios" finished-at="2022-04-10T12:10:34 EET" duration-ms="1182" status="PASS">
          <params>
            <param index="0">
              <value>
                <![CDATA["BC03|| Check that user will see an error message if he enters invalid username"]]>
              </value>
            </param>
            <param index="1">
              <value>
                <![CDATA["Optional[Login Page]"]]>
              </value>
            </param>
          </params>
          <reporter-output>
          </reporter-output>
        </test-method> <!-- runScenario -->
        <test-method signature="runScenario(io.cucumber.testng.PickleWrapper,io.cucumber.testng.FeatureWrapper)[pri:0, instance:testRunner.TestRunner@37858383]" started-at="2022-04-10T12:10:34 EET" name="runScenario" description="Runs Cucumber Scenarios" data-provider="scenarios" finished-at="2022-04-10T12:10:35 EET" duration-ms="1135" status="PASS">
          <params>
            <param index="0">
              <value>
                <![CDATA["BC04|| Check that user will see an error message if he enters invalid password"]]>
              </value>
            </param>
            <param index="1">
              <value>
                <![CDATA["Optional[Login Page]"]]>
              </value>
            </param>
          </params>
          <reporter-output>
          </reporter-output>
        </test-method> <!-- runScenario -->
        <test-method signature="runScenario(io.cucumber.testng.PickleWrapper,io.cucumber.testng.FeatureWrapper)[pri:0, instance:testRunner.TestRunner@37858383]" started-at="2022-04-10T12:10:35 EET" name="runScenario" description="Runs Cucumber Scenarios" data-provider="scenarios" finished-at="2022-04-10T12:10:37 EET" duration-ms="1118" status="PASS">
          <params>
            <param index="0">
              <value>
                <![CDATA["BC05|| Check that user will see an error message if he enters invalid username and password"]]>
              </value>
            </param>
            <param index="1">
              <value>
                <![CDATA["Optional[Login Page]"]]>
              </value>
            </param>
          </params>
          <reporter-output>
          </reporter-output>
        </test-method> <!-- runScenario -->
        <test-method signature="runScenario(io.cucumber.testng.PickleWrapper,io.cucumber.testng.FeatureWrapper)[pri:0, instance:testRunner.TestRunner@37858383]" started-at="2022-04-10T12:10:37 EET" name="runScenario" description="Runs Cucumber Scenarios" data-provider="scenarios" finished-at="2022-04-10T12:10:38 EET" duration-ms="1005" status="PASS">
          <params>
            <param index="0">
              <value>
                <![CDATA["BC06|| Check that user will see an error message if he leaves username's field blank"]]>
              </value>
            </param>
            <param index="1">
              <value>
                <![CDATA["Optional[Login Page]"]]>
              </value>
            </param>
          </params>
          <reporter-output>
          </reporter-output>
        </test-method> <!-- runScenario -->
        <test-method signature="runScenario(io.cucumber.testng.PickleWrapper,io.cucumber.testng.FeatureWrapper)[pri:0, instance:testRunner.TestRunner@37858383]" started-at="2022-04-10T12:10:38 EET" name="runScenario" description="Runs Cucumber Scenarios" data-provider="scenarios" finished-at="2022-04-10T12:10:39 EET" duration-ms="995" status="PASS">
          <params>
            <param index="0">
              <value>
                <![CDATA["BC07|| Check that user will see an error message if he leaves password's field blank"]]>
              </value>
            </param>
            <param index="1">
              <value>
                <![CDATA["Optional[Login Page]"]]>
              </value>
            </param>
          </params>
          <reporter-output>
          </reporter-output>
        </test-method> <!-- runScenario -->
        <test-method signature="runScenario(io.cucumber.testng.PickleWrapper,io.cucumber.testng.FeatureWrapper)[pri:0, instance:testRunner.TestRunner@37858383]" started-at="2022-04-10T12:10:39 EET" name="runScenario" description="Runs Cucumber Scenarios" data-provider="scenarios" finished-at="2022-04-10T12:10:40 EET" duration-ms="903" status="PASS">
          <params>
            <param index="0">
              <value>
                <![CDATA["BC08|| Check that user will see an error message if he leaves both username and password fields blank"]]>
              </value>
            </param>
            <param index="1">
              <value>
                <![CDATA["Optional[Login Page]"]]>
              </value>
            </param>
          </params>
          <reporter-output>
          </reporter-output>
        </test-method> <!-- runScenario -->
        <test-method is-config="true" signature="tearDownClass()[pri:0, instance:testRunner.TestRunner@37858383]" started-at="2022-04-10T12:10:40 EET" name="tearDownClass" finished-at="2022-04-10T12:10:40 EET" duration-ms="630" status="PASS">
          <reporter-output>
          </reporter-output>
        </test-method> <!-- tearDownClass -->
        <test-method is-config="true" signature="teardown()[pri:0, instance:testRunner.TestRunner@37858383]" started-at="2022-04-10T12:10:40 EET" name="teardown" finished-at="2022-04-10T12:10:41 EET" duration-ms="1027" status="PASS">
          <reporter-output>
          </reporter-output>
        </test-method> <!-- teardown -->
      </class> <!-- testRunner.TestRunner -->
    </test> <!-- LoginPage Test -->
  </suite> <!-- HerokuApp -->
</testng-results>
