<?xml version="1.0" encoding="UTF-8"?>
<testsuite xmlns:xsi="http://www.w3.org/2001/XMLSchema-instance" xsi:noNamespaceSchemaLocation="https://maven.apache.org/surefire/maven-surefire-plugin/xsd/surefire-test-report-3.0.xsd" version="3.0" name="TestSuite" time="23.967" tests="8" errors="0" skipped="0" failures="0">
  <properties>
[...]
</properties>
  <testcase name="runScenario[&quot;GC01|| Check text of elements that are displayed in login Page&quot;, &quot;Optional[Login Page]&quot;](1)" classname="testRunner.TestRunner" time="3.39">
    <system-out><![CDATA[
@login
Scenario: GC01|| Check text of elements that are displayed in login Page &amp#27;[90m# src/test/java/features/LoginPage.feature:5&amp#27;[0m
  &amp#27;[32mGiven &amp#27;[0m&amp#27;[32mUser navigates to herokuApp LoginPage&amp#27;[0m                            &amp#27;[90m# stepDefinition.LoginPage_StepDef.user_navigates_to_heroku_app_login_page()&amp#27;[0m
  &amp#27;[32mThen &amp#27;[0m&amp#27;[32mUser should see loginPageTitle has the correct text&amp#27;[0m               &amp#27;[90m# stepDefinition.LoginPage_StepDef.user_should_see_login_page_title_has_the_correct_text()&amp#27;[0m
  &amp#27;[32mAnd &amp#27;[0m&amp#27;[32mUser should see instructionsField has the correct text&amp#27;[0m             &amp#27;[90m# stepDefinition.LoginPage_StepDef.user_should_see_instructions_field_has_the_correct_text()&amp#27;[0m
  &amp#27;[32mAnd &amp#27;[0m&amp#27;[32mUser should see username Label has the correct text&amp#27;[0m                &amp#27;[90m# stepDefinition.LoginPage_StepDef.user_should_see_username_label_has_the_correct_text()&amp#27;[0m
  &amp#27;[32mAnd &amp#27;[0m&amp#27;[32mUser should see password Label has the correct text&amp#27;[0m                &amp#27;[90m# stepDefinition.LoginPage_StepDef.user_should_see_password_label_has_the_correct_text()&amp#27;[0m
  &amp#27;[32mAnd &amp#27;[0m&amp#27;[32mUser should see login button has the correct text&amp#27;[0m                  &amp#27;[90m# stepDefinition.LoginPage_StepDef.user_should_see_login_button_has_the_correct_text()&amp#27;[0m
]]></system-out>
    <system-err><![CDATA[SLF4J: Failed to load class "org.slf4j.impl.StaticLoggerBinder".
SLF4J: Defaulting to no-operation (NOP) logger implementation
SLF4J: See http://www.slf4j.org/codes.html#StaticLoggerBinder for further details.
Starting ChromeDriver 100.0.4896.60 (6a5d10861ce8de5fce22564658033b43cb7de047-refs/branch-heads/4896@{#875}) on port 62585
Only local connections are allowed.
Please see https://chromedriver.chromium.org/security-considerations for suggestions on keeping ChromeDriver safe.
ChromeDriver was started successfully.
Apr 10, 2022 12:10:27 PM org.openqa.selenium.remote.ProtocolHandshake createSession
INFO: Detected dialect: W3C
Apr 10, 2022 12:10:27 PM org.openqa.selenium.devtools.CdpVersionFinder findNearestMatch
WARNING: Unable to find an exact match for CDP version 100, so returning the closest version found: 99
Apr 10, 2022 12:10:27 PM org.openqa.selenium.devtools.CdpVersionFinder findNearestMatch
INFO: Found CDP implementation for version 100 of 99
]]></system-err>
  </testcase>
  <testcase name="runScenario[&quot;GC02|| Check that user will be redirected to Secure Area when he enters valid credentials&quot;, &quot;Optional[Login Page]&quot;](2)" classname="testRunner.TestRunner" time="1.359">
    <system-out><![CDATA[
@login
Scenario Outline: GC02|| Check that user will be redirected to Secure Area when he enters valid credentials &amp#27;[90m# src/test/java/features/LoginPage.feature:19&amp#27;[0m
  &amp#27;[32mGiven &amp#27;[0m&amp#27;[32mUser navigates to herokuApp LoginPage&amp#27;[0m                                                               &amp#27;[90m# stepDefinition.LoginPage_StepDef.user_navigates_to_heroku_app_login_page()&amp#27;[0m
  &amp#27;[32mWhen &amp#27;[0m&amp#27;[32mUser login with valid &amp#27;[0m&amp#27;[32m&amp#27;[1m"validUsername"&amp#27;[0m&amp#27;[32m and &amp#27;[0m&amp#27;[32m&amp#27;[1m"validPassword"&amp#27;[0m                                            &amp#27;[90m# stepDefinition.LoginPage_StepDef.user_login_with_valid_and(java.lang.String,java.lang.String)&amp#27;[0m
  &amp#27;[32mThen &amp#27;[0m&amp#27;[32mUser will be redirected to the secured area&amp#27;[0m                                                          &amp#27;[90m# stepDefinition.LoginPage_StepDef.user_will_be_redirected_to_the_secured_area()&amp#27;[0m
]]></system-out>
  </testcase>
  <testcase name="runScenario[&quot;BC03|| Check that user will see an error message if he enters invalid username&quot;, &quot;Optional[Login Page]&quot;](3)" classname="testRunner.TestRunner" time="1.182">
    <system-out><![CDATA[
@login
Scenario Outline: BC03|| Check that user will see an error message if he enters invalid username &amp#27;[90m# src/test/java/features/LoginPage.feature:29&amp#27;[0m
  &amp#27;[32mGiven &amp#27;[0m&amp#27;[32mUser navigates to herokuApp LoginPage&amp#27;[0m                                                    &amp#27;[90m# stepDefinition.LoginPage_StepDef.user_navigates_to_heroku_app_login_page()&amp#27;[0m
  &amp#27;[32mWhen &amp#27;[0m&amp#27;[32mUser types invalid &amp#27;[0m&amp#27;[32m&amp#27;[1m"invalidUsername"&amp#27;[0m&amp#27;[32m in username textBox&amp#27;[0m                                  &amp#27;[90m# stepDefinition.LoginPage_StepDef.user_types_invalid_in_username_text_box(java.lang.String)&amp#27;[0m
  &amp#27;[32mAnd &amp#27;[0m&amp#27;[32mUser types valid &amp#27;[0m&amp#27;[32m&amp#27;[1m"validPassword"&amp#27;[0m&amp#27;[32m in password textBox&amp#27;[0m                                       &amp#27;[90m# stepDefinition.LoginPage_StepDef.user_types_valid_in_password_text_box(java.lang.String)&amp#27;[0m
  &amp#27;[32mAnd &amp#27;[0m&amp#27;[32mUser clicks on Login button&amp#27;[0m                                                                &amp#27;[90m# stepDefinition.LoginPage_StepDef.user_clicks_on_login_button()&amp#27;[0m
  &amp#27;[32mThen &amp#27;[0m&amp#27;[32mInvalid username error message will appear&amp#27;[0m                                                &amp#27;[90m# stepDefinition.LoginPage_StepDef.invalid_username_error_message_will_appear()&amp#27;[0m
]]></system-out>
  </testcase>
  <testcase name="runScenario[&quot;BC04|| Check that user will see an error message if he enters invalid password&quot;, &quot;Optional[Login Page]&quot;](4)" classname="testRunner.TestRunner" time="1.138">
    <system-out><![CDATA[
@login
Scenario Outline: BC04|| Check that user will see an error message if he enters invalid password &amp#27;[90m# src/test/java/features/LoginPage.feature:39&amp#27;[0m
  &amp#27;[32mGiven &amp#27;[0m&amp#27;[32mUser navigates to herokuApp LoginPage&amp#27;[0m                                                    &amp#27;[90m# stepDefinition.LoginPage_StepDef.user_navigates_to_heroku_app_login_page()&amp#27;[0m
  &amp#27;[32mWhen &amp#27;[0m&amp#27;[32mUser types valid &amp#27;[0m&amp#27;[32m&amp#27;[1m"validUsername"&amp#27;[0m&amp#27;[32m in username textBox&amp#27;[0m                                      &amp#27;[90m# stepDefinition.LoginPage_StepDef.user_types_valid_in_username_text_box(java.lang.String)&amp#27;[0m
  &amp#27;[32mAnd &amp#27;[0m&amp#27;[32mUser types invalid &amp#27;[0m&amp#27;[32m&amp#27;[1m"invalidPassword"&amp#27;[0m&amp#27;[32m in password textBox&amp#27;[0m                                   &amp#27;[90m# stepDefinition.LoginPage_StepDef.user_types_invalid_in_password_text_box(java.lang.String)&amp#27;[0m
  &amp#27;[32mAnd &amp#27;[0m&amp#27;[32mUser clicks on Login button&amp#27;[0m                                                                &amp#27;[90m# stepDefinition.LoginPage_StepDef.user_clicks_on_login_button()&amp#27;[0m
  &amp#27;[32mThen &amp#27;[0m&amp#27;[32mInvalid password error message will appear&amp#27;[0m                                                &amp#27;[90m# stepDefinition.LoginPage_StepDef.invalid_password_error_message_will_appear()&amp#27;[0m
]]></system-out>
  </testcase>
  <testcase name="runScenario[&quot;BC05|| Check that user will see an error message if he enters invalid username and password&quot;, &quot;Optional[Login Page]&quot;](5)" classname="testRunner.TestRunner" time="1.118">
    <system-out><![CDATA[
@login
Scenario Outline: BC05|| Check that user will see an error message if he enters invalid username and password &amp#27;[90m# src/test/java/features/LoginPage.feature:49&amp#27;[0m
  &amp#27;[32mGiven &amp#27;[0m&amp#27;[32mUser navigates to herokuApp LoginPage&amp#27;[0m                                                                 &amp#27;[90m# stepDefinition.LoginPage_StepDef.user_navigates_to_heroku_app_login_page()&amp#27;[0m
  &amp#27;[32mWhen &amp#27;[0m&amp#27;[32mUser types invalid &amp#27;[0m&amp#27;[32m&amp#27;[1m"invalidUsername"&amp#27;[0m&amp#27;[32m in username textBox&amp#27;[0m                                               &amp#27;[90m# stepDefinition.LoginPage_StepDef.user_types_invalid_in_username_text_box(java.lang.String)&amp#27;[0m
  &amp#27;[32mAnd &amp#27;[0m&amp#27;[32mUser types invalid &amp#27;[0m&amp#27;[32m&amp#27;[1m"invalidPassword"&amp#27;[0m&amp#27;[32m in password textBox&amp#27;[0m                                                &amp#27;[90m# stepDefinition.LoginPage_StepDef.user_types_invalid_in_password_text_box(java.lang.String)&amp#27;[0m
  &amp#27;[32mAnd &amp#27;[0m&amp#27;[32mUser clicks on Login button&amp#27;[0m                                                                             &amp#27;[90m# stepDefinition.LoginPage_StepDef.user_clicks_on_login_button()&amp#27;[0m
  &amp#27;[32mThen &amp#27;[0m&amp#27;[32mInvalid username error message will appear&amp#27;[0m                                                             &amp#27;[90m# stepDefinition.LoginPage_StepDef.invalid_username_error_message_will_appear()&amp#27;[0m
]]></system-out>
  </testcase>
  <testcase name="runScenario[&quot;BC06|| Check that user will see an error message if he leaves username&apos;s field blank&quot;, &quot;Optional[Login Page]&quot;](6)" classname="testRunner.TestRunner" time="1.006">
    <system-out><![CDATA[
@login
Scenario Outline: BC06|| Check that user will see an error message if he leaves username's field blank &amp#27;[90m# src/test/java/features/LoginPage.feature:58&amp#27;[0m
  &amp#27;[32mGiven &amp#27;[0m&amp#27;[32mUser navigates to herokuApp LoginPage&amp#27;[0m                                                          &amp#27;[90m# stepDefinition.LoginPage_StepDef.user_navigates_to_heroku_app_login_page()&amp#27;[0m
  &amp#27;[32mWhen &amp#27;[0m&amp#27;[32mUser types valid &amp#27;[0m&amp#27;[32m&amp#27;[1m"validPassword"&amp#27;[0m&amp#27;[32m in password textBox&amp#27;[0m                                            &amp#27;[90m# stepDefinition.LoginPage_StepDef.user_types_valid_in_password_text_box(java.lang.String)&amp#27;[0m
  &amp#27;[32mAnd &amp#27;[0m&amp#27;[32mUser clicks on Login button&amp#27;[0m                                                                      &amp#27;[90m# stepDefinition.LoginPage_StepDef.user_clicks_on_login_button()&amp#27;[0m
  &amp#27;[32mThen &amp#27;[0m&amp#27;[32mInvalid username error message will appear&amp#27;[0m                                                      &amp#27;[90m# stepDefinition.LoginPage_StepDef.invalid_username_error_message_will_appear()&amp#27;[0m
]]></system-out>
  </testcase>
  <testcase name="runScenario[&quot;BC07|| Check that user will see an error message if he leaves password&apos;s field blank&quot;, &quot;Optional[Login Page]&quot;](7)" classname="testRunner.TestRunner" time="0.995">
    <system-out><![CDATA[
@login
Scenario Outline: BC07|| Check that user will see an error message if he leaves password's field blank &amp#27;[90m# src/test/java/features/LoginPage.feature:67&amp#27;[0m
  &amp#27;[32mGiven &amp#27;[0m&amp#27;[32mUser navigates to herokuApp LoginPage&amp#27;[0m                                                          &amp#27;[90m# stepDefinition.LoginPage_StepDef.user_navigates_to_heroku_app_login_page()&amp#27;[0m
  &amp#27;[32mWhen &amp#27;[0m&amp#27;[32mUser types valid &amp#27;[0m&amp#27;[32m&amp#27;[1m"validUsername"&amp#27;[0m&amp#27;[32m in username textBox&amp#27;[0m                                            &amp#27;[90m# stepDefinition.LoginPage_StepDef.user_types_valid_in_username_text_box(java.lang.String)&amp#27;[0m
  &amp#27;[32mAnd &amp#27;[0m&amp#27;[32mUser clicks on Login button&amp#27;[0m                                                                      &amp#27;[90m# stepDefinition.LoginPage_StepDef.user_clicks_on_login_button()&amp#27;[0m
  &amp#27;[32mThen &amp#27;[0m&amp#27;[32mInvalid password error message will appear&amp#27;[0m                                                      &amp#27;[90m# stepDefinition.LoginPage_StepDef.invalid_password_error_message_will_appear()&amp#27;[0m
]]></system-out>
  </testcase>
  <testcase name="runScenario[&quot;BC08|| Check that user will see an error message if he leaves both username and password fields blank&quot;, &quot;Optional[Login Page]&quot;](8)" classname="testRunner.TestRunner" time="0.904">
    <system-out><![CDATA[
@login
Scenario: BC08|| Check that user will see an error message if he leaves both username and password fields blank &amp#27;[90m# src/test/java/features/LoginPage.feature:70&amp#27;[0m
  &amp#27;[32mGiven &amp#27;[0m&amp#27;[32mUser navigates to herokuApp LoginPage&amp#27;[0m                                                                   &amp#27;[90m# stepDefinition.LoginPage_StepDef.user_navigates_to_heroku_app_login_page()&amp#27;[0m
  &amp#27;[32mWhen &amp#27;[0m&amp#27;[32mUser clicks on Login button&amp#27;[0m                                                                              &amp#27;[90m# stepDefinition.LoginPage_StepDef.user_clicks_on_login_button()&amp#27;[0m
  &amp#27;[32mThen &amp#27;[0m&amp#27;[32mInvalid username error message will appear&amp#27;[0m                                                               &amp#27;[90m# stepDefinition.LoginPage_StepDef.invalid_username_error_message_will_appear()&amp#27;[0m
]]></system-out>
  </testcase>
</testsuite>